Сборка начата 07.06.2021 9:30:16.
Уровень детализации журнала: Normal.     1>Проект "C:\Users\User\Documents\Матпрога\Lab4\Lab4-5\Lab4-5.vcxproj" в узле 2 (целевые объекты Build).
     1>InitializeBuildStatus:
         Создание "Debug\Lab4-5.tlog\unsuccessfulbuild", так как было задано "AlwaysCreate".
       ClCompile:
         C:\Program Files (x86)\Microsoft Visual Studio\2019\Community\VC\Tools\MSVC\14.28.29910\bin\HostX86\x86\CL.exe /c /ZI /JMC /nologo /W3 /WX- /diagnostics:column /sdl /Od /Oy- /D WIN32 /D _DEBUG /D _CONSOLE /D _UNICODE /D UNICODE /Gm- /EHsc /RTC1 /MDd /GS /fp:precise /permissive- /Zc:wchar_t /Zc:forScope /Zc:inline /Fo"Debug\\" /Fd"Debug\vc142.pdb" /Gd /TP /analyze- /FC /errorReport:prompt "Lab4-5.cpp" Levenshtein.cpp stdafx.cpp
         Lab4-5.cpp
         Levenshtein.cpp
         stdafx.cpp
         Создание кода...
       Link:
         C:\Program Files (x86)\Microsoft Visual Studio\2019\Community\VC\Tools\MSVC\14.28.29910\bin\HostX86\x86\link.exe /ERRORREPORT:PROMPT /OUT:"C:\Users\User\Documents\Матпрога\Lab4\Debug\Lab4-5.exe" /INCREMENTAL /NOLOGO kernel32.lib user32.lib gdi32.lib winspool.lib comdlg32.lib advapi32.lib shell32.lib ole32.lib oleaut32.lib uuid.lib odbc32.lib odbccp32.lib /MANIFEST /MANIFESTUAC:"level='asInvoker' uiAccess='false'" /manifest:embed /DEBUG:FASTLINK /PDB:"C:\Users\User\Documents\Матпрога\Lab4\Debug\Lab4-5.pdb" /SUBSYSTEM:CONSOLE /TLBID:1 /DYNAMICBASE /NXCOMPAT /IMPLIB:"C:\Users\User\Documents\Матпрога\Lab4\Debug\Lab4-5.lib" /MACHINE:X86 "Debug\Lab4-5.obj"
         Debug\Levenshtein.obj
         Debug\stdafx.obj
         Lab4-5.vcxproj -> C:\Users\User\Documents\Матпрога\Lab4\Debug\Lab4-5.exe
       FinalizeBuildStatus:
         Файл "Debug\Lab4-5.tlog\unsuccessfulbuild" удаляется.
         Обращение к "Debug\Lab4-5.tlog\Lab4-5.lastbuildstate".
     1>Сборка проекта "C:\Users\User\Documents\Матпрога\Lab4\Lab4-5\Lab4-5.vcxproj" завершена (целевые объекты Build).

Сборка успешно завершена.
    Предупреждений: 0
    Ошибок: 0

Прошло времени 00:00:01.45
